<?xml version="1.0" encoding="UTF-8" ?>
<testsuites errors="0"
            failures="1"
            tests="1">

  <testsuite name="example.test"
    errors="0" failures="1" hostname="" id="" package="example.test" skipped="0"
    tests="1" time="3.702" timestamp="">
  
    <testcase name="Demo test Google" classname="example.test" time="3.702" assertions="4">

    

    

      <failure message="Timed out while waiting for element &lt;button[name=btnG]&gt; to be present for 1000 milliseconds. - expected [0;32m&#34;visible&#34;[0m but got: [0;31m&#34;not found&#34;[0m">    at Object.Demo test Google (/Users/keolagoodman/code/Paladin &amp; Archer/CT-Template/tests/nightwatch/example.test.js:11:10)
    at process._tickCallback (internal/process/next_tick.js:68:7)</failure>

    <failure message="    at Object.Demo test Google (/Users/keolagoodman/code/Paladin &amp; Archer/CT-Template/tests/nightwatch/example.test.js:11:10)">    at process._tickCallback (internal/process/next_tick.js:68:7)</failure>
    </testcase>
  

  

  
  </testsuite>
</testsuites>
